/Users/arnavsharma/gum-elicitation/venv/lib/python3.13/site-packages/sklearn/utils/deprecation.py:132: FutureWarning: 'force_all_finite' was renamed to 'ensure_all_finite' in 1.6 and will be removed in 1.8.
  warnings.warn(
/Users/arnavsharma/gum-elicitation/venv/lib/python3.13/site-packages/sklearn/utils/deprecation.py:132: FutureWarning: 'force_all_finite' was renamed to 'ensure_all_finite' in 1.6 and will be removed in 1.8.
  warnings.warn(
/Users/arnavsharma/gum-elicitation/venv/lib/python3.13/site-packages/sklearn/utils/deprecation.py:132: FutureWarning: 'force_all_finite' was renamed to 'ensure_all_finite' in 1.6 and will be removed in 1.8.
  warnings.warn(
/Users/arnavsharma/gum-elicitation/venv/lib/python3.13/site-packages/sklearn/utils/deprecation.py:132: FutureWarning: 'force_all_finite' was renamed to 'ensure_all_finite' in 1.6 and will be removed in 1.8.
  warnings.warn(
/Users/arnavsharma/gum-elicitation/venv/lib/python3.13/site-packages/sklearn/utils/deprecation.py:132: FutureWarning: 'force_all_finite' was renamed to 'ensure_all_finite' in 1.6 and will be removed in 1.8.
  warnings.warn(
/Users/arnavsharma/gum-elicitation/venv/lib/python3.13/site-packages/sklearn/utils/deprecation.py:132: FutureWarning: 'force_all_finite' was renamed to 'ensure_all_finite' in 1.6 and will be removed in 1.8.
  warnings.warn(
/Users/arnavsharma/gum-elicitation/venv/lib/python3.13/site-packages/sklearn/utils/deprecation.py:132: FutureWarning: 'force_all_finite' was renamed to 'ensure_all_finite' in 1.6 and will be removed in 1.8.
  warnings.warn(
/Users/arnavsharma/gum-elicitation/venv/lib/python3.13/site-packages/sklearn/utils/deprecation.py:132: FutureWarning: 'force_all_finite' was renamed to 'ensure_all_finite' in 1.6 and will be removed in 1.8.
  warnings.warn(
/Users/arnavsharma/gum-elicitation/venv/lib/python3.13/site-packages/sklearn/utils/deprecation.py:132: FutureWarning: 'force_all_finite' was renamed to 'ensure_all_finite' in 1.6 and will be removed in 1.8.
  warnings.warn(
/Users/arnavsharma/gum-elicitation/venv/lib/python3.13/site-packages/sklearn/utils/deprecation.py:132: FutureWarning: 'force_all_finite' was renamed to 'ensure_all_finite' in 1.6 and will be removed in 1.8.
  warnings.warn(
/Users/arnavsharma/gum-elicitation/venv/lib/python3.13/site-packages/sklearn/utils/deprecation.py:132: FutureWarning: 'force_all_finite' was renamed to 'ensure_all_finite' in 1.6 and will be removed in 1.8.
  warnings.warn(
/Users/arnavsharma/gum-elicitation/venv/lib/python3.13/site-packages/sklearn/utils/deprecation.py:132: FutureWarning: 'force_all_finite' was renamed to 'ensure_all_finite' in 1.6 and will be removed in 1.8.
  warnings.warn(
/Users/arnavsharma/gum-elicitation/venv/lib/python3.13/site-packages/sklearn/utils/deprecation.py:132: FutureWarning: 'force_all_finite' was renamed to 'ensure_all_finite' in 1.6 and will be removed in 1.8.
  warnings.warn(
/Users/arnavsharma/gum-elicitation/venv/lib/python3.13/site-packages/sklearn/utils/deprecation.py:132: FutureWarning: 'force_all_finite' was renamed to 'ensure_all_finite' in 1.6 and will be removed in 1.8.
  warnings.warn(

🧪 MULTIPLE PROPOSITION TEST

================================================================================
TESTING PIPELINE ON 200 DIVERSE PROPOSITIONS
================================================================================

[1/202] Loading 200 random propositions...
   Found 162 already-analyzed propositions, skipping those...
   ✓ Loaded 200 propositions
   Confidence distribution:
     - ID 1035: confidence=7/10, len=143 chars
     - ID 1032: confidence=6/10, len=109 chars
     - ID 1031: confidence=7/10, len=139 chars
     - ID 1034: confidence=8/10, len=137 chars
     - ID 1033: confidence=9/10, len=139 chars
     - ID 1030: confidence=8/10, len=126 chars
     - ID 1029: confidence=8/10, len=145 chars
     - ID 1028: confidence=9/10, len=126 chars
     - ID 1027: confidence=6/10, len=129 chars
     - ID 1026: confidence=7/10, len=116 chars
     - ID 1025: confidence=8/10, len=90 chars
     - ID 1024: confidence=8/10, len=70 chars
     - ID 1023: confidence=9/10, len=102 chars
     - ID 1022: confidence=6/10, len=109 chars
     - ID 1021: confidence=7/10, len=139 chars
     - ID 1020: confidence=8/10, len=132 chars
     - ID 1019: confidence=8/10, len=145 chars
     - ID 1018: confidence=9/10, len=126 chars
     - ID 1017: confidence=7/10, len=82 chars
     - ID 1016: confidence=8/10, len=128 chars
     - ID 1015: confidence=7/10, len=125 chars
     - ID 1014: confidence=8/10, len=108 chars
     - ID 1013: confidence=9/10, len=128 chars
     - ID 1012: confidence=6/10, len=99 chars
     - ID 1011: confidence=7/10, len=98 chars
     - ID 1010: confidence=8/10, len=80 chars
     - ID 1009: confidence=10/10, len=70 chars
     - ID 1008: confidence=9/10, len=108 chars
     - ID 1007: confidence=6/10, len=132 chars
     - ID 1006: confidence=7/10, len=124 chars
     - ID 1005: confidence=8/10, len=140 chars
     - ID 1004: confidence=8/10, len=104 chars
     - ID 1003: confidence=9/10, len=102 chars
     - ID 1002: confidence=7/10, len=109 chars
     - ID 1001: confidence=7/10, len=141 chars
     - ID 1000: confidence=8/10, len=110 chars
     - ID 999: confidence=8/10, len=119 chars
     - ID 998: confidence=9/10, len=85 chars
     - ID 997: confidence=6/10, len=109 chars
     - ID 996: confidence=7/10, len=118 chars
     - ID 995: confidence=7/10, len=121 chars
     - ID 994: confidence=8/10, len=112 chars
     - ID 993: confidence=9/10, len=131 chars
     - ID 992: confidence=8/10, len=139 chars
     - ID 991: confidence=7/10, len=77 chars
     - ID 990: confidence=7/10, len=106 chars
     - ID 989: confidence=8/10, len=114 chars
     - ID 988: confidence=9/10, len=107 chars
     - ID 987: confidence=7/10, len=107 chars
     - ID 986: confidence=7/10, len=108 chars
     - ID 985: confidence=8/10, len=79 chars
     - ID 984: confidence=8/10, len=109 chars
     - ID 983: confidence=9/10, len=92 chars
     - ID 982: confidence=8/10, len=96 chars
     - ID 981: confidence=8/10, len=114 chars
     - ID 980: confidence=7/10, len=141 chars
     - ID 979: confidence=8/10, len=106 chars
     - ID 978: confidence=9/10, len=128 chars
     - ID 977: confidence=7/10, len=81 chars
     - ID 976: confidence=8/10, len=104 chars
     - ID 975: confidence=7/10, len=95 chars
     - ID 974: confidence=8/10, len=73 chars
     - ID 973: confidence=9/10, len=85 chars
     - ID 972: confidence=5/10, len=127 chars
     - ID 971: confidence=6/10, len=127 chars
     - ID 970: confidence=7/10, len=127 chars
     - ID 969: confidence=8/10, len=98 chars
     - ID 968: confidence=9/10, len=106 chars
     - ID 967: confidence=7/10, len=103 chars
     - ID 966: confidence=6/10, len=121 chars
     - ID 965: confidence=7/10, len=98 chars
     - ID 964: confidence=8/10, len=99 chars
     - ID 963: confidence=9/10, len=111 chars
     - ID 962: confidence=9/10, len=134 chars
     - ID 961: confidence=8/10, len=108 chars
     - ID 960: confidence=8/10, len=120 chars
     - ID 959: confidence=10/10, len=122 chars
     - ID 958: confidence=9/10, len=102 chars
     - ID 957: confidence=8/10, len=129 chars
     - ID 956: confidence=8/10, len=145 chars
     - ID 955: confidence=8/10, len=93 chars
     - ID 954: confidence=10/10, len=96 chars
     - ID 953: confidence=9/10, len=130 chars
     - ID 952: confidence=7/10, len=127 chars
     - ID 951: confidence=6/10, len=125 chars
     - ID 950: confidence=7/10, len=97 chars
     - ID 949: confidence=8/10, len=112 chars
     - ID 948: confidence=9/10, len=117 chars
     - ID 947: confidence=7/10, len=134 chars
     - ID 946: confidence=8/10, len=102 chars
     - ID 945: confidence=8/10, len=129 chars
     - ID 944: confidence=10/10, len=116 chars
     - ID 943: confidence=9/10, len=114 chars
     - ID 942: confidence=8/10, len=125 chars
     - ID 941: confidence=6/10, len=99 chars
     - ID 940: confidence=7/10, len=101 chars
     - ID 939: confidence=8/10, len=85 chars
     - ID 938: confidence=9/10, len=92 chars
     - ID 937: confidence=8/10, len=130 chars
     - ID 936: confidence=7/10, len=136 chars
     - ID 935: confidence=7/10, len=125 chars
     - ID 934: confidence=8/10, len=106 chars
     - ID 933: confidence=9/10, len=132 chars
     - ID 932: confidence=7/10, len=116 chars
     - ID 931: confidence=8/10, len=75 chars
     - ID 930: confidence=8/10, len=88 chars
     - ID 929: confidence=8/10, len=86 chars
     - ID 928: confidence=9/10, len=103 chars
     - ID 927: confidence=6/10, len=102 chars
     - ID 926: confidence=7/10, len=129 chars
     - ID 925: confidence=8/10, len=99 chars
     - ID 924: confidence=8/10, len=83 chars
     - ID 923: confidence=9/10, len=91 chars
     - ID 922: confidence=7/10, len=116 chars
     - ID 921: confidence=9/10, len=139 chars
     - ID 920: confidence=10/10, len=105 chars
     - ID 919: confidence=8/10, len=98 chars
     - ID 918: confidence=9/10, len=118 chars
     - ID 917: confidence=6/10, len=91 chars
     - ID 916: confidence=7/10, len=114 chars
     - ID 915: confidence=8/10, len=69 chars
     - ID 914: confidence=8/10, len=71 chars
     - ID 913: confidence=9/10, len=100 chars
     - ID 912: confidence=8/10, len=156 chars
     - ID 911: confidence=6/10, len=123 chars
     - ID 910: confidence=7/10, len=140 chars
     - ID 909: confidence=8/10, len=130 chars
     - ID 908: confidence=9/10, len=109 chars
     - ID 907: confidence=6/10, len=105 chars
     - ID 906: confidence=7/10, len=106 chars
     - ID 905: confidence=8/10, len=98 chars
     - ID 904: confidence=8/10, len=102 chars
     - ID 903: confidence=9/10, len=105 chars
     - ID 902: confidence=8/10, len=79 chars
     - ID 901: confidence=8/10, len=82 chars
     - ID 900: confidence=7/10, len=110 chars
     - ID 899: confidence=8/10, len=100 chars
     - ID 898: confidence=9/10, len=96 chars
     - ID 897: confidence=7/10, len=108 chars
     - ID 896: confidence=6/10, len=95 chars
     - ID 895: confidence=7/10, len=122 chars
     - ID 894: confidence=8/10, len=136 chars
     - ID 893: confidence=9/10, len=101 chars
     - ID 892: confidence=6/10, len=112 chars
     - ID 891: confidence=7/10, len=97 chars
     - ID 890: confidence=8/10, len=99 chars
     - ID 889: confidence=8/10, len=104 chars
     - ID 888: confidence=9/10, len=104 chars
     - ID 887: confidence=6/10, len=118 chars
     - ID 886: confidence=8/10, len=103 chars
     - ID 885: confidence=7/10, len=84 chars
     - ID 884: confidence=8/10, len=114 chars
     - ID 883: confidence=9/10, len=90 chars
     - ID 882: confidence=6/10, len=82 chars
     - ID 881: confidence=8/10, len=73 chars
     - ID 880: confidence=7/10, len=96 chars
     - ID 879: confidence=8/10, len=66 chars
     - ID 878: confidence=9/10, len=73 chars
     - ID 877: confidence=9/10, len=89 chars
     - ID 876: confidence=8/10, len=72 chars
     - ID 875: confidence=8/10, len=98 chars
     - ID 874: confidence=7/10, len=86 chars
     - ID 873: confidence=9/10, len=102 chars
     - ID 872: confidence=8/10, len=67 chars
     - ID 871: confidence=7/10, len=73 chars
     - ID 870: confidence=8/10, len=117 chars
     - ID 869: confidence=8/10, len=70 chars
     - ID 868: confidence=9/10, len=107 chars
     - ID 867: confidence=7/10, len=106 chars
     - ID 866: confidence=7/10, len=101 chars/Users/arnavsharma/gum-elicitation/venv/lib/python3.13/site-packages/sklearn/utils/deprecation.py:132: FutureWarning: 'force_all_finite' was renamed to 'ensure_all_finite' in 1.6 and will be removed in 1.8.
  warnings.warn(
/Users/arnavsharma/gum-elicitation/venv/lib/python3.13/site-packages/sklearn/utils/deprecation.py:132: FutureWarning: 'force_all_finite' was renamed to 'ensure_all_finite' in 1.6 and will be removed in 1.8.
  warnings.warn(
/Users/arnavsharma/gum-elicitation/venv/lib/python3.13/site-packages/sklearn/utils/deprecation.py:132: FutureWarning: 'force_all_finite' was renamed to 'ensure_all_finite' in 1.6 and will be removed in 1.8.
  warnings.warn(
/Users/arnavsharma/gum-elicitation/venv/lib/python3.13/site-packages/sklearn/utils/deprecation.py:132: FutureWarning: 'force_all_finite' was renamed to 'ensure_all_finite' in 1.6 and will be removed in 1.8.
  warnings.warn(
/Users/arnavsharma/gum-elicitation/venv/lib/python3.13/site-packages/sklearn/utils/deprecation.py:132: FutureWarning: 'force_all_finite' was renamed to 'ensure_all_finite' in 1.6 and will be removed in 1.8.
  warnings.warn(
/Users/arnavsharma/gum-elicitation/venv/lib/python3.13/site-packages/sklearn/utils/deprecation.py:132: FutureWarning: 'force_all_finite' was renamed to 'ensure_all_finite' in 1.6 and will be removed in 1.8.
  warnings.warn(
/Users/arnavsharma/gum-elicitation/venv/lib/python3.13/site-packages/sklearn/utils/deprecation.py:132: FutureWarning: 'force_all_finite' was renamed to 'ensure_all_finite' in 1.6 and will be removed in 1.8.
  warnings.warn(
/Users/arnavsharma/gum-elicitation/venv/lib/python3.13/site-packages/sklearn/utils/deprecation.py:132: FutureWarning: 'force_all_finite' was renamed to 'ensure_all_finite' in 1.6 and will be removed in 1.8.
  warnings.warn(
/Users/arnavsharma/gum-elicitation/venv/lib/python3.13/site-packages/sklearn/utils/deprecation.py:132: FutureWarning: 'force_all_finite' was renamed to 'ensure_all_finite' in 1.6 and will be removed in 1.8.
  warnings.warn(
/Users/arnavsharma/gum-elicitation/venv/lib/python3.13/site-packages/sklearn/utils/deprecation.py:132: FutureWarning: 'force_all_finite' was renamed to 'ensure_all_finite' in 1.6 and will be removed in 1.8.
  warnings.warn(
/Users/arnavsharma/gum-elicitation/venv/lib/python3.13/site-packages/sklearn/utils/deprecation.py:132: FutureWarning: 'force_all_finite' was renamed to 'ensure_all_finite' in 1.6 and will be removed in 1.8.
  warnings.warn(
/Users/arnavsharma/gum-elicitation/venv/lib/python3.13/site-packages/sklearn/utils/deprecation.py:132: FutureWarning: 'force_all_finite' was renamed to 'ensure_all_finite' in 1.6 and will be removed in 1.8.
  warnings.warn(
/Users/arnavsharma/gum-elicitation/venv/lib/python3.13/site-packages/sklearn/utils/deprecation.py:132: FutureWarning: 'force_all_finite' was renamed to 'ensure_all_finite' in 1.6 and will be removed in 1.8.
  warnings.warn(
/Users/arnavsharma/gum-elicitation/venv/lib/python3.13/site-packages/sklearn/utils/deprecation.py:132: FutureWarning: 'force_all_finite' was renamed to 'ensure_all_finite' in 1.6 and will be removed in 1.8.
  warnings.warn(
/Users/arnavsharma/gum-elicitation/venv/lib/python3.13/site-packages/sklearn/utils/deprecation.py:132: FutureWarning: 'force_all_finite' was renamed to 'ensure_all_finite' in 1.6 and will be removed in 1.8.
  warnings.warn(
/Users/arnavsharma/gum-elicitation/venv/lib/python3.13/site-packages/sklearn/utils/deprecation.py:132: FutureWarning: 'force_all_finite' was renamed to 'ensure_all_finite' in 1.6 and will be removed in 1.8.
  warnings.warn(

     - ID 865: confidence=8/10, len=86 chars
     - ID 864: confidence=8/10, len=92 chars
     - ID 863: confidence=9/10, len=107 chars
     - ID 862: confidence=6/10, len=101 chars
     - ID 861: confidence=7/10, len=128 chars
     - ID 860: confidence=8/10, len=108 chars
     - ID 859: confidence=10/10, len=97 chars
     - ID 858: confidence=9/10, len=124 chars
     - ID 857: confidence=8/10, len=176 chars
     - ID 856: confidence=6/10, len=135 chars
     - ID 855: confidence=7/10, len=141 chars
     - ID 854: confidence=8/10, len=196 chars
     - ID 853: confidence=9/10, len=169 chars
     - ID 852: confidence=7/10, len=99 chars
     - ID 851: confidence=6/10, len=101 chars
     - ID 850: confidence=7/10, len=111 chars
     - ID 849: confidence=8/10, len=124 chars
     - ID 848: confidence=9/10, len=98 chars
     - ID 847: confidence=6/10, len=85 chars
     - ID 846: confidence=7/10, len=102 chars
     - ID 845: confidence=8/10, len=84 chars
     - ID 844: confidence=8/10, len=80 chars
     - ID 843: confidence=9/10, len=78 chars
     - ID 842: confidence=8/10, len=94 chars
     - ID 841: confidence=9/10, len=98 chars
     - ID 840: confidence=9/10, len=116 chars
     - ID 839: confidence=7/10, len=70 chars
     - ID 838: confidence=8/10, len=102 chars
     - ID 837: confidence=6/10, len=107 chars
     - ID 836: confidence=7/10, len=109 chars

[2/202] Initializing modules...
Loading embedding model: sentence-transformers/all-MiniLM-L6-v2...
✓ Embedding model loaded
   ✓ All modules initialized

================================================================================
PROPOSITION 1/200 - ID: 1035
================================================================================
Text: Arnav Sharma is engaging with technology and tools to analyze academic opportunities and brand visib...
Confidence: 7/10

  [Step 1/6] Generating interpretations...
    ✓ Generated 3 interpretations (636 tokens)
  [Step 2/6] Collecting answers...
    ✓ Collected 15 answers (5016 tokens)
  [Step 3/6] Clustering...
    ✓ Found 3 clusters (method: hdbscan)
      Silhouette: 0.290
  [Step 4/6] Calculating entropy...
    ✓ Entropy: 1.485 bits
      Ambiguous: True
      Interpretation: High - Significantly ambiguous, clarification needed
  [Step 5/6] Assessing urgency...
    ✓ Urgency: SOON
      Score: 0.501
      Reasoning: SOON: moderate ambiguity (entropy: 1.49 bits) (score: 0.50)
  [Step 6/6] Saving to database...
    ✓ Saved (Analysis ID: 196)

================================================================================
PROPOSITION 2/200 - ID: 1032
================================================================================
Text: Arnav Sharma may be overlooking broader educational resources in favor of specific, targeted researc...
Confidence: 6/10

  [Step 1/6] Generating interpretations...
    ✓ Generated 3 interpretations (614 tokens)
  [Step 2/6] Collecting answers...
    ✓ Collected 15 answers (4696 tokens)
  [Step 3/6] Clustering...
    ✓ Found 3 clusters (method: hdbscan)
      Silhouette: 0.435
  [Step 4/6] Calculating entropy...
    ✓ Entropy: 1.338 bits
      Ambiguous: True
      Interpretation: High - Significantly ambiguous, clarification needed
  [Step 5/6] Assessing urgency...
    ✓ Urgency: SOON
      Score: 0.467
      Reasoning: SOON: moderate ambiguity (entropy: 1.34 bits) (score: 0.47)
  [Step 6/6] Saving to database...
    ✓ Saved (Analysis ID: 197)

================================================================================
PROPOSITION 3/200 - ID: 1031
================================================================================
Text: Arnav Sharma displays a preference for researching faculty profiles at Princeton University and Corn...
Confidence: 7/10

  [Step 1/6] Generating interpretations...
    ✓ Generated 4 interpretations (698 tokens)
  [Step 2/6] Collecting answers...
    ✓ Collected 20 answers (6443 tokens)
  [Step 3/6] Clustering...
    ✓ Found 6 clusters (method: hdbscan)
      Silhouette: 0.247
  [Step 4/6] Calculating entropy...
    ✓ Entropy: 2.492 bits
      Ambiguous: True
      Interpretation: Very High - Highly ambiguous, urgent clarification needed
  [Step 5/6] Assessing urgency...
    ✓ Urgency: SOON
      Score: 0.516
      Reasoning: SOON: high ambiguity (entropy: 2.49 bits) (score: 0.52)
  [Step 6/6] Saving to database...
    ✓ Saved (Analysis ID: 198)

================================================================================
PROPOSITION 4/200 - ID: 1034
================================================================================
Text: Arnav Sharma prioritizes high-profile academic institutions for faculty mentorship, favoring Princet...
Confidence: 8/10

  [Step 1/6] Generating interpretations...
    ✓ Generated 4 interpretations (693 tokens)
  [Step 2/6] Collecting answers...
    ✓ Collected 20 answers (6559 tokens)
  [Step 3/6] Clustering...
    ✓ Found 4 clusters (method: hdbscan)
      Silhouette: 0.129
  [Step 4/6] Calculating entropy...
    ✓ Entropy: 1.447 bits
      Ambiguous: True
      Interpretation: High - Significantly ambiguous, clarification needed
  [Step 5/6] Assessing urgency...
    ✓ Urgency: LATER
      Score: 0.270
      Reasoning: LATER: moderate ambiguity (entropy: 1.45 bits) + high confidence (8/10) (score: 0.27)
  [Step 6/6] Saving to database...
    ✓ Saved (Analysis ID: 199)

================================================================================
PROPOSITION 5/200 - ID: 1033
================================================================================
Text: Arnav Sharma is specifically interested in pursuing collaborative research opportunities in the fiel...
Confidence: 9/10

  [Step 1/6] Generating interpretations...
    ✓ Generated 3 interpretations (623 tokens)
  [Step 2/6] Collecting answers...
    ✓ Collected 15 answers (5011 tokens)
  [Step 3/6] Clustering...
    ✓ Found 3 clusters (method: hdbscan)
      Silhouette: 0.297
  [Step 4/6] Calculating entropy...
    ✓ Entropy: 1.460 bits
      Ambiguous: True
      Interpretation: High - Significantly ambiguous, clarification needed
  [Step 5/6] Assessing urgency...
    ✓ Urgency: LATER
      Score: 0.367
      Reasoning: LATER: moderate ambiguity (entropy: 1.46 bits) + high confidence (9/10) (score: 0.37)
  [Step 6/6] Saving to database...
    ✓ Saved (Analysis ID: 200)

================================================================================
PROPOSITION 6/200 - ID: 1030
================================================================================
Text: Arnav Sharma is utilizing a chat interface to seek specific academic guidance related to research in...
Confidence: 8/10

  [Step 1/6] Generating interpretations...
    ✓ Generated 4 interpretations (656 tokens)
  [Step 2/6] Collecting answers...
    ✓ Collected 20 answers (6067 tokens)
  [Step 3/6] Clustering...
    ✓ Found 2 clusters (method: hdbscan)
      Silhouette: 0.279
  [Step 4/6] Calculating entropy...
    ✓ Entropy: 0.485 bits
      Ambiguous: False
      Interpretation: Low - Minor ambiguity, likely clear
  [Step 5/6] Assessing urgency...
    ✓ Urgency: LATER
      Score: 0.161
      Reasoning: LATER: high confidence (8/10) (score: 0.16)
  [Step 6/6] Saving to database...
    ✓ Saved (Analysis ID: 201)

================================================================================
PROPOSITION 7/200 - ID: 1029
================================================================================
Text: Arnav Sharma is interested in the field of Natural Language Processing (NLP) and is exploring academ...
Confidence: 8/10

  [Step 1/6] Generating interpretations...
    ✓ Generated 4 interpretations (670 tokens)
  [Step 2/6] Collecting answers...
    ✓ Collected 20 answers (6248 tokens)
  [Step 3/6] Clustering...
    ✓ Found 5 clusters (method: hdbscan)
      Silhouette: 0.318
  [Step 4/6] Calculating entropy...
    ✓ Entropy: 2.227 bits
      Ambiguous: True
      Interpretation: Very High - Highly ambiguous, urgent clarification needed
  [Step 5/6] Assessing urgency...
    ✓ Urgency: LATER
      Score: 0.396
      Reasoning: LATER: high ambiguity (entropy: 2.23 bits) + high confidence (8/10) (score: 0.40)/Users/arnavsharma/gum-elicitation/venv/lib/python3.13/site-packages/sklearn/utils/deprecation.py:132: FutureWarning: 'force_all_finite' was renamed to 'ensure_all_finite' in 1.6 and will be removed in 1.8.
  warnings.warn(
/Users/arnavsharma/gum-elicitation/venv/lib/python3.13/site-packages/sklearn/utils/deprecation.py:132: FutureWarning: 'force_all_finite' was renamed to 'ensure_all_finite' in 1.6 and will be removed in 1.8.
  warnings.warn(
/Users/arnavsharma/gum-elicitation/venv/lib/python3.13/site-packages/sklearn/utils/deprecation.py:132: FutureWarning: 'force_all_finite' was renamed to 'ensure_all_finite' in 1.6 and will be removed in 1.8.
  warnings.warn(
/Users/arnavsharma/gum-elicitation/venv/lib/python3.13/site-packages/sklearn/utils/deprecation.py:132: FutureWarning: 'force_all_finite' was renamed to 'ensure_all_finite' in 1.6 and will be removed in 1.8.
  warnings.warn(
/Users/arnavsharma/gum-elicitation/venv/lib/python3.13/site-packages/sklearn/utils/deprecation.py:132: FutureWarning: 'force_all_finite' was renamed to 'ensure_all_finite' in 1.6 and will be removed in 1.8.
  warnings.warn(
/Users/arnavsharma/gum-elicitation/venv/lib/python3.13/site-packages/sklearn/utils/deprecation.py:132: FutureWarning: 'force_all_finite' was renamed to 'ensure_all_finite' in 1.6 and will be removed in 1.8.
  warnings.warn(
/Users/arnavsharma/gum-elicitation/venv/lib/python3.13/site-packages/sklearn/utils/deprecation.py:132: FutureWarning: 'force_all_finite' was renamed to 'ensure_all_finite' in 1.6 and will be removed in 1.8.
  warnings.warn(
/Users/arnavsharma/gum-elicitation/venv/lib/python3.13/site-packages/sklearn/utils/deprecation.py:132: FutureWarning: 'force_all_finite' was renamed to 'ensure_all_finite' in 1.6 and will be removed in 1.8.
  warnings.warn(
/Users/arnavsharma/gum-elicitation/venv/lib/python3.13/site-packages/sklearn/utils/deprecation.py:132: FutureWarning: 'force_all_finite' was renamed to 'ensure_all_finite' in 1.6 and will be removed in 1.8.
  warnings.warn(
/Users/arnavsharma/gum-elicitation/venv/lib/python3.13/site-packages/sklearn/utils/deprecation.py:132: FutureWarning: 'force_all_finite' was renamed to 'ensure_all_finite' in 1.6 and will be removed in 1.8.
  warnings.warn(
/Users/arnavsharma/gum-elicitation/venv/lib/python3.13/site-packages/sklearn/utils/deprecation.py:132: FutureWarning: 'force_all_finite' was renamed to 'ensure_all_finite' in 1.6 and will be removed in 1.8.
  warnings.warn(
/Users/arnavsharma/gum-elicitation/venv/lib/python3.13/site-packages/sklearn/utils/deprecation.py:132: FutureWarning: 'force_all_finite' was renamed to 'ensure_all_finite' in 1.6 and will be removed in 1.8.
  warnings.warn(
/Users/arnavsharma/gum-elicitation/venv/lib/python3.13/site-packages/sklearn/utils/deprecation.py:132: FutureWarning: 'force_all_finite' was renamed to 'ensure_all_finite' in 1.6 and will be removed in 1.8.
  warnings.warn(
/Users/arnavsharma/gum-elicitation/venv/lib/python3.13/site-packages/sklearn/utils/deprecation.py:132: FutureWarning: 'force_all_finite' was renamed to 'ensure_all_finite' in 1.6 and will be removed in 1.8.
  warnings.warn(
/Users/arnavsharma/gum-elicitation/venv/lib/python3.13/site-packages/sklearn/utils/deprecation.py:132: FutureWarning: 'force_all_finite' was renamed to 'ensure_all_finite' in 1.6 and will be removed in 1.8.
  warnings.warn(
/Users/arnavsharma/gum-elicitation/venv/lib/python3.13/site-packages/sklearn/utils/deprecation.py:132: FutureWarning: 'force_all_finite' was renamed to 'ensure_all_finite' in 1.6 and will be removed in 1.8.
  warnings.warn(
/Users/arnavsharma/gum-elicitation/venv/lib/python3.13/site-packages/sklearn/utils/deprecation.py:132: FutureWarning: 'force_all_finite' was renamed to 'ensure_all_finite' in 1.6 and will be removed in 1.8.
  warnings.warn(
/Users/arnavsharma/gum-elicitation/venv/lib/python3.13/site-packages/sklearn/utils/deprecation.py:132: FutureWarning: 'force_all_finite' was renamed to 'ensure_all_finite' in 1.6 and will be removed in 1.8.
  warnings.warn(

  [Step 6/6] Saving to database...
    ✓ Saved (Analysis ID: 202)

================================================================================
PROPOSITION 8/200 - ID: 1028
================================================================================
Text: Arnav Sharma is actively engaging in coursework for AP Computer Science A, specifically working on a...
Confidence: 9/10

  [Step 1/6] Generating interpretations...
    ✓ Generated 3 interpretations (591 tokens)
  [Step 2/6] Collecting answers...
    ✓ Collected 15 answers (4669 tokens)
  [Step 3/6] Clustering...
    ✓ Found 4 clusters (method: hdbscan)
      Silhouette: 0.250
  [Step 4/6] Calculating entropy...
    ✓ Entropy: 1.988 bits
      Ambiguous: True
      Interpretation: Very High - Highly ambiguous, urgent clarification needed
  [Step 5/6] Assessing urgency...
    ✓ Urgency: SOON
      Score: 0.405
      Reasoning: SOON: high ambiguity (entropy: 1.99 bits) + high confidence (9/10) (score: 0.41)
  [Step 6/6] Saving to database...
    ✓ Saved (Analysis ID: 203)

================================================================================
PROPOSITION 9/200 - ID: 1027
================================================================================
Text: Arnav Sharma is potentially deprioritizing non-academic engagements, as evidenced by his focused act...
Confidence: 6/10

  [Step 1/6] Generating interpretations...
    ✓ Generated 3 interpretations (652 tokens)
  [Step 2/6] Collecting answers...
    ✓ Collected 15 answers (5063 tokens)
  [Step 3/6] Clustering...
    ✓ Found 3 clusters (method: hdbscan)
      Silhouette: 0.202
  [Step 4/6] Calculating entropy...
    ✓ Entropy: 1.485 bits
      Ambiguous: True
      Interpretation: High - Significantly ambiguous, clarification needed
  [Step 5/6] Assessing urgency...
    ✓ Urgency: SOON
      Score: 0.516
      Reasoning: SOON: moderate ambiguity (entropy: 1.49 bits) (score: 0.52)
  [Step 6/6] Saving to database...
    ✓ Saved (Analysis ID: 204)

================================================================================
PROPOSITION 10/200 - ID: 1026
================================================================================
Text: Arnav Sharma is utilizing online academic resources and communication interfaces to connect with aca...
Confidence: 7/10

  [Step 1/6] Generating interpretations...
    ✓ Generated 4 interpretations (610 tokens)
  [Step 2/6] Collecting answers...
    ✓ Collected 20 answers (5933 tokens)
  [Step 3/6] Clustering...
    ✓ Found 4 clusters (method: hdbscan)
      Silhouette: 0.264
  [Step 4/6] Calculating entropy...
    ✓ Entropy: 1.861 bits
      Ambiguous: True
      Interpretation: Very High - Highly ambiguous, urgent clarification needed
  [Step 5/6] Assessing urgency...
    ✓ Urgency: SOON
      Score: 0.498
      Reasoning: SOON: high ambiguity (entropy: 1.86 bits) (score: 0.50)
  [Step 6/6] Saving to database...
    ✓ Saved (Analysis ID: 205)

================================================================================
PROPOSITION 11/200 - ID: 1025
================================================================================
Text: Arnav Sharma is interested in AI safety and alignment as a central theme for his research....
Confidence: 8/10

  [Step 1/6] Generating interpretations...
    ✓ Generated 4 interpretations (657 tokens)
  [Step 2/6] Collecting answers...
    ✓ Collected 20 answers (6507 tokens)
  [Step 3/6] Clustering...
    ✓ Found 5 clusters (method: hdbscan)
      Silhouette: 0.389
  [Step 4/6] Calculating entropy...
    ✓ Entropy: 2.186 bits
      Ambiguous: True
      Interpretation: Very High - Highly ambiguous, urgent clarification needed
  [Step 5/6] Assessing urgency...
    ✓ Urgency: LATER
      Score: 0.387
      Reasoning: LATER: high ambiguity (entropy: 2.19 bits) + high confidence (8/10) (score: 0.39)
  [Step 6/6] Saving to database...
    ✓ Saved (Analysis ID: 206)

================================================================================
PROPOSITION 12/200 - ID: 1024
================================================================================
Text: Arnav Sharma prefers detailed academic profiles and research insights....
Confidence: 8/10

  [Step 1/6] Generating interpretations...
    ✓ Generated 4 interpretations (624 tokens)
  [Step 2/6] Collecting answers...
    ✓ Collected 20 answers (6227 tokens)
  [Step 3/6] Clustering...
    ✓ Found 5 clusters (method: hdbscan)
      Silhouette: 0.268
  [Step 4/6] Calculating entropy...
    ✓ Entropy: 2.213 bits
      Ambiguous: True
      Interpretation: Very High - Highly ambiguous, urgent clarification needed
  [Step 5/6] Assessing urgency...
    ✓ Urgency: LATER
      Score: 0.393
      Reasoning: LATER: high ambiguity (entropy: 2.21 bits) + high confidence (8/10) (score: 0.39)
  [Step 6/6] Saving to database...
    ✓ Saved (Analysis ID: 207)

================================================================================
PROPOSITION 13/200 - ID: 1023
================================================================================
Text: Arnav Sharma is actively researching Natural Language Processing (NLP) professors at top universitie...
Confidence: 9/10

  [Step 1/6] Generating interpretations...
    ✓ Generated 4 interpretations (662 tokens)
  [Step 2/6] Collecting answers...
    ✓ Collected 20 answers (6504 tokens)
  [Step 3/6] Clustering...
    ✓ Found 5 clusters (method: hdbscan)
      Silhouette: 0.352
  [Step 4/6] Calculating entropy...
    ✓ Entropy: 2.257 bits
      Ambiguous: True
      Interpretation: Very High - Highly ambiguous, urgent clarification needed
  [Step 5/6] Assessing urgency...
    ✓ Urgency: LATER
      Score: 0.394
      Reasoning: LATER: high ambiguity (entropy: 2.26 bits) + high confidence (9/10) (score: 0.39)
  [Step 6/6] Saving to database...
    ✓ Saved (Analysis ID: 208)

================================================================================
PROPOSITION 14/200 - ID: 1022
================================================================================
Text: Arnav Sharma may be overlooking broader educational resources in favor of specific, targeted researc...
Confidence: 6/10

  [Step 1/6] Generating interpretations...
    ✓ Generated 4 interpretations (680 tokens)
  [Step 2/6] Collecting answers...
    ✓ Collected 20 answers (6478 tokens)
  [Step 3/6] Clustering...
    ✓ Found 6 clusters (method: hdbscan)
      Silhouette: 0.304
  [Step 4/6] Calculating entropy...
    ✓ Entropy: 2.557 bits
      Ambiguous: True
      Interpretation: Very High - Highly ambiguous, urgent clarification needed
  [Step 5/6] Assessing urgency...
    ✓ Urgency: SOON
      Score: 0.544
      Reasoning: SOON: high ambiguity (entropy: 2.56 bits) (score: 0.54)
  [Step 6/6] Saving to database...
    ✓ Saved (Analysis ID: 209)

================================================================================
PROPOSITION 15/200 - ID: 1021
================================================================================
Text: Arnav Sharma displays a preference for researching faculty profiles at Princeton University and Corn...
Confidence: 7/10

  [Step 1/6] Generating interpretations...
    ✓ Generated 4 interpretations (694 tokens)
  [Step 2/6] Collecting answers...
    ✓ Collected 20 answers (6738 tokens)
  [Step 3/6] Clustering...
    ✓ Found 3 clusters (method: hdbscan)
      Silhouette: 0.213
  [Step 4/6] Calculating entropy...
    ✓ Entropy: 1.366 bits
      Ambiguous: True
      Interpretation: High - Significantly ambiguous, clarification needed
  [Step 5/6] Assessing urgency...
    ✓ Urgency: SOON
      Score: 0.461
      Reasoning: SOON: moderate ambiguity (entropy: 1.37 bits) (score: 0.46)
  [Step 6/6] Saving to database...
    ✓ Saved (Analysis ID: 210)

================================================================================
PROPOSITION 16/200 - ID: 1020
================================================================================
Text: Arnav Sharma is utilizing a chat interface (Dia) to seek specific academic guidance related to resea...
Confidence: 8/10

  [Step 1/6] Generating interpretations.../Users/arnavsharma/gum-elicitation/venv/lib/python3.13/site-packages/sklearn/utils/deprecation.py:132: FutureWarning: 'force_all_finite' was renamed to 'ensure_all_finite' in 1.6 and will be removed in 1.8.
  warnings.warn(
/Users/arnavsharma/gum-elicitation/venv/lib/python3.13/site-packages/sklearn/utils/deprecation.py:132: FutureWarning: 'force_all_finite' was renamed to 'ensure_all_finite' in 1.6 and will be removed in 1.8.
  warnings.warn(
/Users/arnavsharma/gum-elicitation/venv/lib/python3.13/site-packages/sklearn/utils/deprecation.py:132: FutureWarning: 'force_all_finite' was renamed to 'ensure_all_finite' in 1.6 and will be removed in 1.8.
  warnings.warn(
/Users/arnavsharma/gum-elicitation/venv/lib/python3.13/site-packages/sklearn/utils/deprecation.py:132: FutureWarning: 'force_all_finite' was renamed to 'ensure_all_finite' in 1.6 and will be removed in 1.8.
  warnings.warn(
/Users/arnavsharma/gum-elicitation/venv/lib/python3.13/site-packages/sklearn/utils/deprecation.py:132: FutureWarning: 'force_all_finite' was renamed to 'ensure_all_finite' in 1.6 and will be removed in 1.8.
  warnings.warn(
/Users/arnavsharma/gum-elicitation/venv/lib/python3.13/site-packages/sklearn/utils/deprecation.py:132: FutureWarning: 'force_all_finite' was renamed to 'ensure_all_finite' in 1.6 and will be removed in 1.8.
  warnings.warn(
/Users/arnavsharma/gum-elicitation/venv/lib/python3.13/site-packages/sklearn/utils/deprecation.py:132: FutureWarning: 'force_all_finite' was renamed to 'ensure_all_finite' in 1.6 and will be removed in 1.8.
  warnings.warn(
/Users/arnavsharma/gum-elicitation/venv/lib/python3.13/site-packages/sklearn/utils/deprecation.py:132: FutureWarning: 'force_all_finite' was renamed to 'ensure_all_finite' in 1.6 and will be removed in 1.8.
  warnings.warn(
/Users/arnavsharma/gum-elicitation/venv/lib/python3.13/site-packages/sklearn/utils/deprecation.py:132: FutureWarning: 'force_all_finite' was renamed to 'ensure_all_finite' in 1.6 and will be removed in 1.8.
  warnings.warn(
/Users/arnavsharma/gum-elicitation/venv/lib/python3.13/site-packages/sklearn/utils/deprecation.py:132: FutureWarning: 'force_all_finite' was renamed to 'ensure_all_finite' in 1.6 and will be removed in 1.8.
  warnings.warn(
/Users/arnavsharma/gum-elicitation/venv/lib/python3.13/site-packages/sklearn/utils/deprecation.py:132: FutureWarning: 'force_all_finite' was renamed to 'ensure_all_finite' in 1.6 and will be removed in 1.8.
  warnings.warn(
/Users/arnavsharma/gum-elicitation/venv/lib/python3.13/site-packages/sklearn/utils/deprecation.py:132: FutureWarning: 'force_all_finite' was renamed to 'ensure_all_finite' in 1.6 and will be removed in 1.8.
  warnings.warn(
/Users/arnavsharma/gum-elicitation/venv/lib/python3.13/site-packages/sklearn/utils/deprecation.py:132: FutureWarning: 'force_all_finite' was renamed to 'ensure_all_finite' in 1.6 and will be removed in 1.8.
  warnings.warn(
/Users/arnavsharma/gum-elicitation/venv/lib/python3.13/site-packages/sklearn/utils/deprecation.py:132: FutureWarning: 'force_all_finite' was renamed to 'ensure_all_finite' in 1.6 and will be removed in 1.8.
  warnings.warn(
/Users/arnavsharma/gum-elicitation/venv/lib/python3.13/site-packages/sklearn/utils/deprecation.py:132: FutureWarning: 'force_all_finite' was renamed to 'ensure_all_finite' in 1.6 and will be removed in 1.8.
  warnings.warn(
/Users/arnavsharma/gum-elicitation/venv/lib/python3.13/site-packages/sklearn/utils/deprecation.py:132: FutureWarning: 'force_all_finite' was renamed to 'ensure_all_finite' in 1.6 and will be removed in 1.8.
  warnings.warn(

    ✓ Generated 3 interpretations (645 tokens)
  [Step 2/6] Collecting answers...
    ✓ Collected 15 answers (5135 tokens)
  [Step 3/6] Clustering...
    ✓ Found 4 clusters (method: hdbscan)
      Silhouette: 0.216
  [Step 4/6] Calculating entropy...
    ✓ Entropy: 1.959 bits
      Ambiguous: True
      Interpretation: Very High - Highly ambiguous, urgent clarification needed
  [Step 5/6] Assessing urgency...
    ✓ Urgency: SOON
      Score: 0.407
      Reasoning: SOON: high ambiguity (entropy: 1.96 bits) + high confidence (8/10) (score: 0.41)
  [Step 6/6] Saving to database...
    ✓ Saved (Analysis ID: 211)

================================================================================
PROPOSITION 17/200 - ID: 1019
================================================================================
Text: Arnav Sharma is interested in the field of Natural Language Processing (NLP) and is exploring academ...
Confidence: 8/10

  [Step 1/6] Generating interpretations...
    ✓ Generated 4 interpretations (704 tokens)
  [Step 2/6] Collecting answers...
    ✓ Collected 20 answers (6722 tokens)
  [Step 3/6] Clustering...
    ✓ Found 5 clusters (method: hdbscan)
      Silhouette: 0.249
  [Step 4/6] Calculating entropy...
    ✓ Entropy: 2.227 bits
      Ambiguous: True
      Interpretation: Very High - Highly ambiguous, urgent clarification needed
  [Step 5/6] Assessing urgency...
    ✓ Urgency: LATER
      Score: 0.396
      Reasoning: LATER: high ambiguity (entropy: 2.23 bits) + high confidence (8/10) (score: 0.40)
  [Step 6/6] Saving to database...
    ✓ Saved (Analysis ID: 212)

================================================================================
PROPOSITION 18/200 - ID: 1018
================================================================================
Text: Arnav Sharma is actively engaging in coursework for AP Computer Science A, specifically working on a...
Confidence: 9/10

  [Step 1/6] Generating interpretations...
    ✓ Generated 4 interpretations (683 tokens)
  [Step 2/6] Collecting answers...
    ✓ Collected 20 answers (6504 tokens)
  [Step 3/6] Clustering...
    ✓ Found 6 clusters (method: hdbscan)
      Silhouette: 0.285
  [Step 4/6] Calculating entropy...
    ✓ Entropy: 2.531 bits
      Ambiguous: True
      Interpretation: Very High - Highly ambiguous, urgent clarification needed
  [Step 5/6] Assessing urgency...
    ✓ Urgency: LATER
      Score: 0.397
      Reasoning: LATER: high ambiguity (entropy: 2.53 bits) + high confidence (9/10) (score: 0.40)
  [Step 6/6] Saving to database...
    ✓ Saved (Analysis ID: 213)

================================================================================
PROPOSITION 19/200 - ID: 1017
================================================================================
Text: Arnav is utilizing AI tools or chat interfaces to enhance his research efficiency....
Confidence: 7/10

  [Step 1/6] Generating interpretations...
    ✓ Generated 4 interpretations (722 tokens)
  [Step 2/6] Collecting answers...
    ✓ Collected 20 answers (6682 tokens)
  [Step 3/6] Clustering...
    ✓ Found 7 clusters (method: hdbscan)
      Silhouette: 0.226
  [Step 4/6] Calculating entropy...
    ✓ Entropy: 2.781 bits
      Ambiguous: True
      Interpretation: Very High - Highly ambiguous, urgent clarification needed
  [Step 5/6] Assessing urgency...
    ✓ Urgency: SOON
      Score: 0.530
      Reasoning: SOON: high ambiguity (entropy: 2.78 bits) (score: 0.53)
  [Step 6/6] Saving to database...
    ✓ Saved (Analysis ID: 214)

================================================================================
PROPOSITION 20/200 - ID: 1016
================================================================================
Text: Arnav is disregarding less academic or casual browsing in favor of focused research on educational a...
Confidence: 8/10

  [Step 1/6] Generating interpretations...
    ✓ Generated 4 interpretations (670 tokens)
  [Step 2/6] Collecting answers...
    ✓ Collected 20 answers (6127 tokens)
  [Step 3/6] Clustering...
    ✓ Found 2 clusters (method: hdbscan)
      Silhouette: 0.274
  [Step 4/6] Calculating entropy...
    ✓ Entropy: 0.764 bits
      Ambiguous: False
      Interpretation: Low - Minor ambiguity, likely clear
  [Step 5/6] Assessing urgency...
    ✓ Urgency: LATER
      Score: 0.292
      Reasoning: LATER: high confidence (8/10) (score: 0.29)
  [Step 6/6] Saving to database...
    ✓ Saved (Analysis ID: 215)

================================================================================
PROPOSITION 21/200 - ID: 1015
================================================================================
Text: Arnav is currently enrolled in an AP Computer Science A course and is preparing for assignments rela...
Confidence: 7/10

  [Step 1/6] Generating interpretations...
    ✓ Generated 4 interpretations (670 tokens)
  [Step 2/6] Collecting answers...
    ✓ Collected 20 answers (6140 tokens)
  [Step 3/6] Clustering...
    ✓ Found 3 clusters (method: hdbscan)
      Silhouette: 0.335
  [Step 4/6] Calculating entropy...
    ✓ Entropy: 1.403 bits
      Ambiguous: True
      Interpretation: High - Significantly ambiguous, clarification needed
  [Step 5/6] Assessing urgency...
    ✓ Urgency: SOON
      Score: 0.564
      Reasoning: SOON: moderate ambiguity (entropy: 1.40 bits) + time-sensitive language (currently) (score: 0.56)
  [Step 6/6] Saving to database...
    ✓ Saved (Analysis ID: 216)

================================================================================
PROPOSITION 22/200 - ID: 1014
================================================================================
Text: Arnav prefers exploring academic faculty profiles at prestigious institutions such as Princeton and ...
Confidence: 8/10

  [Step 1/6] Generating interpretations...
    ✓ Generated 4 interpretations (696 tokens)
  [Step 2/6] Collecting answers...
    ✓ Collected 20 answers (6501 tokens)
  [Step 3/6] Clustering...
    ✓ Found 5 clusters (method: hdbscan)
      Silhouette: 0.276
  [Step 4/6] Calculating entropy...
    ✓ Entropy: 2.035 bits
      Ambiguous: True
      Interpretation: Very High - Highly ambiguous, urgent clarification needed
  [Step 5/6] Assessing urgency...
    ✓ Urgency: LATER
      Score: 0.352
      Reasoning: LATER: high ambiguity (entropy: 2.04 bits) + high confidence (8/10) (score: 0.35)
  [Step 6/6] Saving to database...
    ✓ Saved (Analysis ID: 217)

================================================================================
PROPOSITION 23/200 - ID: 1013
================================================================================
Text: Arnav Sharma is actively researching opportunities for academic collaboration in the field of natura...
Confidence: 9/10

  [Step 1/6] Generating interpretations...
    ✓ Generated 3 interpretations (617 tokens)
  [Step 2/6] Collecting answers...
    ✓ Collected 15 answers (4912 tokens)
  [Step 3/6] Clustering...
    ✓ Found 4 clusters (method: hdbscan)
      Silhouette: 0.211
  [Step 4/6] Calculating entropy...
    ✓ Entropy: 1.834 bits
      Ambiguous: True
      Interpretation: Very High - Highly ambiguous, urgent clarification needed
  [Step 5/6] Assessing urgency...
    ✓ Urgency: LATER
      Score: 0.364
      Reasoning: LATER: high ambiguity (entropy: 1.83 bits) + high confidence (9/10) (score: 0.36)
  [Step 6/6] Saving to database...
    ✓ Saved (Analysis ID: 218)

================================================================================
PROPOSITION 24/200 - ID: 1012
================================================================================
Text: Arnav Sharma appears to be less engaged with social platforms or notifications during his workflow....
Confidence: 6/10

  [Step 1/6] Generating interpretations...
    ✓ Generated 4 interpretations (644 tokens)
  [Step 2/6] Collecting answers...
    ✓ Collected 20 answers (6298 tokens)
  [Step 3/6] Clustering...
    ✓ Found 5 clusters (method: hdbscan)
      Silhouette: 0.373
  [Step 4/6] Calculating entropy...
    ✓ Entropy: 2.227 bits
      Ambiguous: True
      Interpretation: Very High - Highly ambiguous, urgent clarification needed/Users/arnavsharma/gum-elicitation/venv/lib/python3.13/site-packages/sklearn/utils/deprecation.py:132: FutureWarning: 'force_all_finite' was renamed to 'ensure_all_finite' in 1.6 and will be removed in 1.8.
  warnings.warn(
/Users/arnavsharma/gum-elicitation/venv/lib/python3.13/site-packages/sklearn/utils/deprecation.py:132: FutureWarning: 'force_all_finite' was renamed to 'ensure_all_finite' in 1.6 and will be removed in 1.8.
  warnings.warn(
/Users/arnavsharma/gum-elicitation/venv/lib/python3.13/site-packages/sklearn/utils/deprecation.py:132: FutureWarning: 'force_all_finite' was renamed to 'ensure_all_finite' in 1.6 and will be removed in 1.8.
  warnings.warn(
/Users/arnavsharma/gum-elicitation/venv/lib/python3.13/site-packages/sklearn/utils/deprecation.py:132: FutureWarning: 'force_all_finite' was renamed to 'ensure_all_finite' in 1.6 and will be removed in 1.8.
  warnings.warn(
/Users/arnavsharma/gum-elicitation/venv/lib/python3.13/site-packages/sklearn/utils/deprecation.py:132: FutureWarning: 'force_all_finite' was renamed to 'ensure_all_finite' in 1.6 and will be removed in 1.8.
  warnings.warn(
/Users/arnavsharma/gum-elicitation/venv/lib/python3.13/site-packages/sklearn/utils/deprecation.py:132: FutureWarning: 'force_all_finite' was renamed to 'ensure_all_finite' in 1.6 and will be removed in 1.8.
  warnings.warn(
/Users/arnavsharma/gum-elicitation/venv/lib/python3.13/site-packages/sklearn/utils/deprecation.py:132: FutureWarning: 'force_all_finite' was renamed to 'ensure_all_finite' in 1.6 and will be removed in 1.8.
  warnings.warn(
/Users/arnavsharma/gum-elicitation/venv/lib/python3.13/site-packages/sklearn/utils/deprecation.py:132: FutureWarning: 'force_all_finite' was renamed to 'ensure_all_finite' in 1.6 and will be removed in 1.8.
  warnings.warn(
/Users/arnavsharma/gum-elicitation/venv/lib/python3.13/site-packages/sklearn/utils/deprecation.py:132: FutureWarning: 'force_all_finite' was renamed to 'ensure_all_finite' in 1.6 and will be removed in 1.8.
  warnings.warn(
/Users/arnavsharma/gum-elicitation/venv/lib/python3.13/site-packages/sklearn/utils/deprecation.py:132: FutureWarning: 'force_all_finite' was renamed to 'ensure_all_finite' in 1.6 and will be removed in 1.8.
  warnings.warn(
/Users/arnavsharma/gum-elicitation/venv/lib/python3.13/site-packages/sklearn/utils/deprecation.py:132: FutureWarning: 'force_all_finite' was renamed to 'ensure_all_finite' in 1.6 and will be removed in 1.8.
  warnings.warn(
/Users/arnavsharma/gum-elicitation/venv/lib/python3.13/site-packages/sklearn/utils/deprecation.py:132: FutureWarning: 'force_all_finite' was renamed to 'ensure_all_finite' in 1.6 and will be removed in 1.8.
  warnings.warn(
/Users/arnavsharma/gum-elicitation/venv/lib/python3.13/site-packages/sklearn/utils/deprecation.py:132: FutureWarning: 'force_all_finite' was renamed to 'ensure_all_finite' in 1.6 and will be removed in 1.8.
  warnings.warn(
/Users/arnavsharma/gum-elicitation/venv/lib/python3.13/site-packages/sklearn/utils/deprecation.py:132: FutureWarning: 'force_all_finite' was renamed to 'ensure_all_finite' in 1.6 and will be removed in 1.8.
  warnings.warn(
/Users/arnavsharma/gum-elicitation/venv/lib/python3.13/site-packages/sklearn/utils/deprecation.py:132: FutureWarning: 'force_all_finite' was renamed to 'ensure_all_finite' in 1.6 and will be removed in 1.8.
  warnings.warn(
/Users/arnavsharma/gum-elicitation/venv/lib/python3.13/site-packages/sklearn/utils/deprecation.py:132: FutureWarning: 'force_all_finite' was renamed to 'ensure_all_finite' in 1.6 and will be removed in 1.8.
  warnings.warn(
/Users/arnavsharma/gum-elicitation/venv/lib/python3.13/site-packages/sklearn/utils/deprecation.py:132: FutureWarning: 'force_all_finite' was renamed to 'ensure_all_finite' in 1.6 and will be removed in 1.8.
  warnings.warn(
/Users/arnavsharma/gum-elicitation/venv/lib/python3.13/site-packages/sklearn/utils/deprecation.py:132: FutureWarning: 'force_all_finite' was renamed to 'ensure_all_finite' in 1.6 and will be removed in 1.8.
  warnings.warn(

  [Step 5/6] Assessing urgency...
    ✓ Urgency: SOON
      Score: 0.528
      Reasoning: SOON: high ambiguity (entropy: 2.23 bits) (score: 0.53)
  [Step 6/6] Saving to database...
    ✓ Saved (Analysis ID: 219)

================================================================================
PROPOSITION 25/200 - ID: 1011
================================================================================
Text: Arnav Sharma is comparing academic resources and faculty between Princeton and Cornell University....
Confidence: 7/10

  [Step 1/6] Generating interpretations...
    ✓ Generated 3 interpretations (637 tokens)
  [Step 2/6] Collecting answers...
    ✓ Collected 15 answers (5061 tokens)
  [Step 3/6] Clustering...
    ✓ Found 3 clusters (method: hdbscan)
      Silhouette: 0.221
  [Step 4/6] Calculating entropy...
    ✓ Entropy: 1.530 bits
      Ambiguous: True
      Interpretation: High - Significantly ambiguous, clarification needed
  [Step 5/6] Assessing urgency...
    ✓ Urgency: SOON
      Score: 0.516
      Reasoning: SOON: high ambiguity (entropy: 1.53 bits) (score: 0.52)
  [Step 6/6] Saving to database...
    ✓ Saved (Analysis ID: 220)

================================================================================
PROPOSITION 26/200 - ID: 1010
================================================================================
Text: Arnav Sharma is focusing on coding challenges, specifically in Java programming....
Confidence: 8/10

  [Step 1/6] Generating interpretations...
    ✓ Generated 4 interpretations (664 tokens)
  [Step 2/6] Collecting answers...
    ✓ Collected 20 answers (6269 tokens)
  [Step 3/6] Clustering...
    ✓ Found 4 clusters (method: hdbscan)
      Silhouette: 0.267
  [Step 4/6] Calculating entropy...
    ✓ Entropy: 1.907 bits
      Ambiguous: True
      Interpretation: Very High - Highly ambiguous, urgent clarification needed
  [Step 5/6] Assessing urgency...
    ✓ Urgency: LATER
      Score: 0.393
      Reasoning: LATER: high ambiguity (entropy: 1.91 bits) + high confidence (8/10) (score: 0.39)
  [Step 6/6] Saving to database...
    ✓ Saved (Analysis ID: 221)

================================================================================
PROPOSITION 27/200 - ID: 1009
================================================================================
Text: Arnav Sharma is currently enrolled in an AP Computer Science A course....
Confidence: 10/10

  [Step 1/6] Generating interpretations...
    ✓ Generated 4 interpretations (627 tokens)
  [Step 2/6] Collecting answers...
    ✓ Collected 20 answers (6001 tokens)
  [Step 3/6] Clustering...
    ✓ Found 5 clusters (method: hdbscan)
      Silhouette: 0.310
  [Step 4/6] Calculating entropy...
    ✓ Entropy: 2.156 bits
      Ambiguous: True
      Interpretation: Very High - Highly ambiguous, urgent clarification needed
  [Step 5/6] Assessing urgency...
    ✓ Urgency: SOON
      Score: 0.451
      Reasoning: SOON: high ambiguity (entropy: 2.16 bits) + high confidence (10/10) + time-sensitive language (currently) (score: 0.45)
  [Step 6/6] Saving to database...
    ✓ Saved (Analysis ID: 222)

================================================================================
PROPOSITION 28/200 - ID: 1008
================================================================================
Text: Arnav Sharma is actively seeking research opportunities in natural language processing and machine l...
Confidence: 9/10

  [Step 1/6] Generating interpretations...
    ✓ Generated 4 interpretations (670 tokens)
  [Step 2/6] Collecting answers...
    ✓ Collected 20 answers (6470 tokens)
  [Step 3/6] Clustering...
    ✓ Found 6 clusters (method: hdbscan)
      Silhouette: 0.304
  [Step 4/6] Calculating entropy...
    ✓ Entropy: 2.428 bits
      Ambiguous: True
      Interpretation: Very High - Highly ambiguous, urgent clarification needed
  [Step 5/6] Assessing urgency...
    ✓ Urgency: LATER
      Score: 0.376
      Reasoning: LATER: high ambiguity (entropy: 2.43 bits) + high confidence (9/10) (score: 0.38)
  [Step 6/6] Saving to database...
    ✓ Saved (Analysis ID: 223)

================================================================================
PROPOSITION 29/200 - ID: 1007
================================================================================
Text: Arnav Sharma may be less engaged with potential email communications with faculty, indicating a pref...
Confidence: 6/10

  [Step 1/6] Generating interpretations...
    ✓ Generated 3 interpretations (622 tokens)
  [Step 2/6] Collecting answers...
    ✓ Collected 15 answers (5072 tokens)
  [Step 3/6] Clustering...
    ✓ Found 5 clusters (method: hdbscan)
      Silhouette: 0.311
  [Step 4/6] Calculating entropy...
    ✓ Entropy: 2.292 bits
      Ambiguous: True
      Interpretation: Very High - Highly ambiguous, urgent clarification needed
  [Step 5/6] Assessing urgency...
    ✓ Urgency: SOON
      Score: 0.543
      Reasoning: SOON: high ambiguity (entropy: 2.29 bits) (score: 0.54)
  [Step 6/6] Saving to database...
    ✓ Saved (Analysis ID: 224)

================================================================================
PROPOSITION 30/200 - ID: 1006
================================================================================
Text: Arnav Sharma is showing a preference for interactive coding platforms for learning and practice over...
Confidence: 7/10

  [Step 1/6] Generating interpretations...
    ✓ Generated 4 interpretations (642 tokens)
  [Step 2/6] Collecting answers...
    ✓ Collected 20 answers (6309 tokens)
  [Step 3/6] Clustering...
    ✓ Found 5 clusters (method: hdbscan)
      Silhouette: 0.271
  [Step 4/6] Calculating entropy...
    ✓ Entropy: 2.213 bits
      Ambiguous: True
      Interpretation: Very High - Highly ambiguous, urgent clarification needed
  [Step 5/6] Assessing urgency...
    ✓ Urgency: SOON
      Score: 0.510
      Reasoning: SOON: high ambiguity (entropy: 2.21 bits) (score: 0.51)
  [Step 6/6] Saving to database...
    ✓ Saved (Analysis ID: 225)

================================================================================
PROPOSITION 31/200 - ID: 1005
================================================================================
Text: Arnav Sharma is interested in pursuing opportunities in natural language processing (NLP) and machin...
Confidence: 8/10

  [Step 1/6] Generating interpretations...
    ✓ Generated 4 interpretations (730 tokens)
  [Step 2/6] Collecting answers...
    ✓ Collected 20 answers (7175 tokens)
  [Step 3/6] Clustering...
    ✓ Found 6 clusters (method: hdbscan)
      Silhouette: 0.414
  [Step 4/6] Calculating entropy...
    ✓ Entropy: 2.530 bits
      Ambiguous: True
      Interpretation: Very High - Highly ambiguous, urgent clarification needed
  [Step 5/6] Assessing urgency...
    ✓ Urgency: SOON
      Score: 0.406
      Reasoning: SOON: high ambiguity (entropy: 2.53 bits) + high confidence (8/10) (score: 0.41)
  [Step 6/6] Saving to database...
    ✓ Saved (Analysis ID: 226)

================================================================================
PROPOSITION 32/200 - ID: 1004
================================================================================
Text: Arnav Sharma is preparing for upcoming academic requirements related to his Computer Science coursew...
Confidence: 8/10

  [Step 1/6] Generating interpretations...
    ✓ Generated 4 interpretations (656 tokens)
  [Step 2/6] Collecting answers...
    ✓ Collected 20 answers (6222 tokens)
  [Step 3/6] Clustering...
    ✓ Found 7 clusters (method: hdbscan)
      Silhouette: 0.197
  [Step 4/6] Calculating entropy...
    ✓ Entropy: 2.778 bits
      Ambiguous: True
      Interpretation: Very High - Highly ambiguous, urgent clarification needed
  [Step 5/6] Assessing urgency...
    ✓ Urgency: SOON
      Score: 0.412
      Reasoning: SOON: high ambiguity (entropy: 2.78 bits) + high confidence (8/10) (score: 0.41)
  [Step 6/6] Saving to database...
    ✓ Saved (Analysis ID: 227)

================================================================================
PROPOSITION 33/200 - ID: 1003
================================================================================/Users/arnavsharma/gum-elicitation/venv/lib/python3.13/site-packages/sklearn/utils/deprecation.py:132: FutureWarning: 'force_all_finite' was renamed to 'ensure_all_finite' in 1.6 and will be removed in 1.8.
  warnings.warn(
/Users/arnavsharma/gum-elicitation/venv/lib/python3.13/site-packages/sklearn/utils/deprecation.py:132: FutureWarning: 'force_all_finite' was renamed to 'ensure_all_finite' in 1.6 and will be removed in 1.8.
  warnings.warn(
/Users/arnavsharma/gum-elicitation/venv/lib/python3.13/site-packages/sklearn/utils/deprecation.py:132: FutureWarning: 'force_all_finite' was renamed to 'ensure_all_finite' in 1.6 and will be removed in 1.8.
  warnings.warn(
/Users/arnavsharma/gum-elicitation/venv/lib/python3.13/site-packages/sklearn/utils/deprecation.py:132: FutureWarning: 'force_all_finite' was renamed to 'ensure_all_finite' in 1.6 and will be removed in 1.8.
  warnings.warn(
/Users/arnavsharma/gum-elicitation/venv/lib/python3.13/site-packages/sklearn/utils/deprecation.py:132: FutureWarning: 'force_all_finite' was renamed to 'ensure_all_finite' in 1.6 and will be removed in 1.8.
  warnings.warn(
/Users/arnavsharma/gum-elicitation/venv/lib/python3.13/site-packages/sklearn/utils/deprecation.py:132: FutureWarning: 'force_all_finite' was renamed to 'ensure_all_finite' in 1.6 and will be removed in 1.8.
  warnings.warn(
/Users/arnavsharma/gum-elicitation/venv/lib/python3.13/site-packages/sklearn/utils/deprecation.py:132: FutureWarning: 'force_all_finite' was renamed to 'ensure_all_finite' in 1.6 and will be removed in 1.8.
  warnings.warn(
/Users/arnavsharma/gum-elicitation/venv/lib/python3.13/site-packages/sklearn/utils/deprecation.py:132: FutureWarning: 'force_all_finite' was renamed to 'ensure_all_finite' in 1.6 and will be removed in 1.8.
  warnings.warn(
/Users/arnavsharma/gum-elicitation/venv/lib/python3.13/site-packages/sklearn/utils/deprecation.py:132: FutureWarning: 'force_all_finite' was renamed to 'ensure_all_finite' in 1.6 and will be removed in 1.8.
  warnings.warn(
/Users/arnavsharma/gum-elicitation/venv/lib/python3.13/site-packages/sklearn/utils/deprecation.py:132: FutureWarning: 'force_all_finite' was renamed to 'ensure_all_finite' in 1.6 and will be removed in 1.8.
  warnings.warn(
/Users/arnavsharma/gum-elicitation/venv/lib/python3.13/site-packages/sklearn/utils/deprecation.py:132: FutureWarning: 'force_all_finite' was renamed to 'ensure_all_finite' in 1.6 and will be removed in 1.8.
  warnings.warn(
/Users/arnavsharma/gum-elicitation/venv/lib/python3.13/site-packages/sklearn/utils/deprecation.py:132: FutureWarning: 'force_all_finite' was renamed to 'ensure_all_finite' in 1.6 and will be removed in 1.8.
  warnings.warn(
/Users/arnavsharma/gum-elicitation/venv/lib/python3.13/site-packages/sklearn/utils/deprecation.py:132: FutureWarning: 'force_all_finite' was renamed to 'ensure_all_finite' in 1.6 and will be removed in 1.8.
  warnings.warn(
/Users/arnavsharma/gum-elicitation/venv/lib/python3.13/site-packages/sklearn/utils/deprecation.py:132: FutureWarning: 'force_all_finite' was renamed to 'ensure_all_finite' in 1.6 and will be removed in 1.8.
  warnings.warn(
/Users/arnavsharma/gum-elicitation/venv/lib/python3.13/site-packages/sklearn/utils/deprecation.py:132: FutureWarning: 'force_all_finite' was renamed to 'ensure_all_finite' in 1.6 and will be removed in 1.8.
  warnings.warn(
/Users/arnavsharma/gum-elicitation/venv/lib/python3.13/site-packages/sklearn/utils/deprecation.py:132: FutureWarning: 'force_all_finite' was renamed to 'ensure_all_finite' in 1.6 and will be removed in 1.8.
  warnings.warn(

Text: Arnav Sharma is actively engaged in solving programming problems, particularly within the Java domai...
Confidence: 9/10

  [Step 1/6] Generating interpretations...
    ✓ Generated 4 interpretations (669 tokens)
  [Step 2/6] Collecting answers...
    ✓ Collected 20 answers (6563 tokens)
  [Step 3/6] Clustering...
    ✓ Found 6 clusters (method: hdbscan)
      Silhouette: 0.279
  [Step 4/6] Calculating entropy...
    ✓ Entropy: 2.523 bits
      Ambiguous: True
      Interpretation: Very High - Highly ambiguous, urgent clarification needed
  [Step 5/6] Assessing urgency...
    ✓ Urgency: LATER
      Score: 0.396
      Reasoning: LATER: high ambiguity (entropy: 2.52 bits) + high confidence (9/10) (score: 0.40)
  [Step 6/6] Saving to database...
    ✓ Saved (Analysis ID: 228)

================================================================================
PROPOSITION 34/200 - ID: 1002
================================================================================
Text: Arnav Sharma has a collaborative approach to coding and project work, as indicated by discussions wi...
Confidence: 7/10

  [Step 1/6] Generating interpretations...
    ✓ Generated 3 interpretations (609 tokens)
  [Step 2/6] Collecting answers...
    ✓ Collected 15 answers (4625 tokens)
  [Step 3/6] Clustering...
    ✓ Found 4 clusters (method: hdbscan)
      Silhouette: 0.292
  [Step 4/6] Calculating entropy...
    ✓ Entropy: 1.834 bits
      Ambiguous: True
      Interpretation: Very High - Highly ambiguous, urgent clarification needed
  [Step 5/6] Assessing urgency...
    ✓ Urgency: SOON
      Score: 0.490
      Reasoning: SOON: high ambiguity (entropy: 1.83 bits) (score: 0.49)
  [Step 6/6] Saving to database...
    ✓ Saved (Analysis ID: 229)

================================================================================
PROPOSITION 35/200 - ID: 1001
================================================================================
Text: Arnav Sharma shows an interest in the field of Natural Language Processing, as indicated by his expl...
Confidence: 7/10

  [Step 1/6] Generating interpretations...
    ✓ Generated 4 interpretations (641 tokens)
  [Step 2/6] Collecting answers...
    ✓ Collected 20 answers (6168 tokens)
  [Step 3/6] Clustering...
    ✓ Found 4 clusters (method: hdbscan)
      Silhouette: 0.321
  [Step 4/6] Calculating entropy...
    ✓ Entropy: 1.924 bits
      Ambiguous: True
      Interpretation: Very High - Highly ambiguous, urgent clarification needed
  [Step 5/6] Assessing urgency...
    ✓ Urgency: SOON
      Score: 0.514
      Reasoning: SOON: high ambiguity (entropy: 1.92 bits) (score: 0.51)
  [Step 6/6] Saving to database...
    ✓ Saved (Analysis ID: 230)

================================================================================
PROPOSITION 36/200 - ID: 1000
================================================================================
Text: Arnav Sharma is likely preparing for an academic assignment in AP Computer Science A through Google ...
Confidence: 8/10

  [Step 1/6] Generating interpretations...
    ✓ Generated 4 interpretations (658 tokens)
  [Step 2/6] Collecting answers...
    ✓ Collected 20 answers (6045 tokens)
  [Step 3/6] Clustering...
    ✓ Found 5 clusters (method: hdbscan)
      Silhouette: 0.345
  [Step 4/6] Calculating entropy...
    ✓ Entropy: 2.142 bits
      Ambiguous: True
      Interpretation: Very High - Highly ambiguous, urgent clarification needed
  [Step 5/6] Assessing urgency...
    ✓ Urgency: LATER
      Score: 0.376
      Reasoning: LATER: high ambiguity (entropy: 2.14 bits) + high confidence (8/10) (score: 0.38)
  [Step 6/6] Saving to database...
    ✓ Saved (Analysis ID: 231)

================================================================================
PROPOSITION 37/200 - ID: 999
================================================================================
Text: Arnav Sharma is utilizing CodingBat to practice Python coding skills, specifically engaging with the...
Confidence: 8/10

  [Step 1/6] Generating interpretations...
    ✓ Generated 3 interpretations (654 tokens)
  [Step 2/6] Collecting answers...
    ✓ Collected 15 answers (5111 tokens)
  [Step 3/6] Clustering...
    ✓ Found 5 clusters (method: hdbscan)
      Silhouette: 0.289
  [Step 4/6] Calculating entropy...
    ✓ Entropy: 2.232 bits
      Ambiguous: True
      Interpretation: Very High - Highly ambiguous, urgent clarification needed
  [Step 5/6] Assessing urgency...
    ✓ Urgency: LATER
      Score: 0.397
      Reasoning: LATER: high ambiguity (entropy: 2.23 bits) + high confidence (8/10) (score: 0.40)
  [Step 6/6] Saving to database...
    ✓ Saved (Analysis ID: 232)

================================================================================
PROPOSITION 38/200 - ID: 998
================================================================================
Text: Arnav Sharma is actively engaged in developing a coding project titled 'trialmemory'....
Confidence: 9/10

  [Step 1/6] Generating interpretations...
    ✓ Generated 3 interpretations (601 tokens)
  [Step 2/6] Collecting answers...
    ✓ Collected 15 answers (4681 tokens)
  [Step 3/6] Clustering...
    ✓ Found 4 clusters (method: hdbscan)
      Silhouette: 0.291
  [Step 4/6] Calculating entropy...
    ✓ Entropy: 1.950 bits
      Ambiguous: True
      Interpretation: Very High - Highly ambiguous, urgent clarification needed
  [Step 5/6] Assessing urgency...
    ✓ Urgency: LATER
      Score: 0.395
      Reasoning: LATER: high ambiguity (entropy: 1.95 bits) + high confidence (9/10) (score: 0.40)
  [Step 6/6] Saving to database...
    ✓ Saved (Analysis ID: 233)

================================================================================
PROPOSITION 39/200 - ID: 997
================================================================================
Text: Arnav Sharma displays some indecisiveness or lack of prioritization regarding completing assignments...
Confidence: 6/10

  [Step 1/6] Generating interpretations...
    ✓ Generated 4 interpretations (747 tokens)
  [Step 2/6] Collecting answers...
    ✓ Collected 20 answers (7137 tokens)
  [Step 3/6] Clustering...
    ✓ Found 2 clusters (method: hdbscan)
      Silhouette: 0.233
  [Step 4/6] Calculating entropy...
    ✓ Entropy: 0.503 bits
      Ambiguous: False
      Interpretation: Low - Minor ambiguity, likely clear
  [Step 5/6] Assessing urgency...
    ✓ Urgency: LATER
      Score: 0.301
      Reasoning: LATER: standard assessment based on thresholds (score: 0.30)
  [Step 6/6] Saving to database...
    ✓ Saved (Analysis ID: 234)

================================================================================
PROPOSITION 40/200 - ID: 996
================================================================================
Text: Arnav Sharma is working on a coding project named 'trialmemory', indicating involvement in software ...
Confidence: 7/10

  [Step 1/6] Generating interpretations...
    ✓ Generated 4 interpretations (707 tokens)
  [Step 2/6] Collecting answers...
    ✓ Collected 20 answers (6942 tokens)
  [Step 3/6] Clustering...
    ✓ Found 5 clusters (method: hdbscan)
      Silhouette: 0.258
  [Step 4/6] Calculating entropy...
    ✓ Entropy: 2.177 bits
      Ambiguous: True
      Interpretation: Very High - Highly ambiguous, urgent clarification needed
  [Step 5/6] Assessing urgency...
    ✓ Urgency: SOON
      Score: 0.501
      Reasoning: SOON: high ambiguity (entropy: 2.18 bits) (score: 0.50)
  [Step 6/6] Saving to database...
    ✓ Saved (Analysis ID: 235)

================================================================================
PROPOSITION 41/200 - ID: 995
================================================================================
Text: Arnav Sharma is exploring academic resources related to Princeton University and its faculty for edu...
Confidence: 7/10

  [Step 1/6] Generating interpretations...
    ✓ Generated 4 interpretations (766 tokens)
  [Step 2/6] Collecting answers...
    ✓ Collected 20 answers (7290 tokens)
  [Step 3/6] Clustering...
    ✓ Found 4 clusters (method: hdbscan)
      Silhouette: 0.220/Users/arnavsharma/gum-elicitation/venv/lib/python3.13/site-packages/sklearn/utils/deprecation.py:132: FutureWarning: 'force_all_finite' was renamed to 'ensure_all_finite' in 1.6 and will be removed in 1.8.
  warnings.warn(
/Users/arnavsharma/gum-elicitation/venv/lib/python3.13/site-packages/sklearn/utils/deprecation.py:132: FutureWarning: 'force_all_finite' was renamed to 'ensure_all_finite' in 1.6 and will be removed in 1.8.
  warnings.warn(
/Users/arnavsharma/gum-elicitation/venv/lib/python3.13/site-packages/sklearn/utils/deprecation.py:132: FutureWarning: 'force_all_finite' was renamed to 'ensure_all_finite' in 1.6 and will be removed in 1.8.
  warnings.warn(
/Users/arnavsharma/gum-elicitation/venv/lib/python3.13/site-packages/sklearn/utils/deprecation.py:132: FutureWarning: 'force_all_finite' was renamed to 'ensure_all_finite' in 1.6 and will be removed in 1.8.
  warnings.warn(
/Users/arnavsharma/gum-elicitation/venv/lib/python3.13/site-packages/sklearn/utils/deprecation.py:132: FutureWarning: 'force_all_finite' was renamed to 'ensure_all_finite' in 1.6 and will be removed in 1.8.
  warnings.warn(
/Users/arnavsharma/gum-elicitation/venv/lib/python3.13/site-packages/sklearn/utils/deprecation.py:132: FutureWarning: 'force_all_finite' was renamed to 'ensure_all_finite' in 1.6 and will be removed in 1.8.
  warnings.warn(
/Users/arnavsharma/gum-elicitation/venv/lib/python3.13/site-packages/sklearn/utils/deprecation.py:132: FutureWarning: 'force_all_finite' was renamed to 'ensure_all_finite' in 1.6 and will be removed in 1.8.
  warnings.warn(
/Users/arnavsharma/gum-elicitation/venv/lib/python3.13/site-packages/sklearn/utils/deprecation.py:132: FutureWarning: 'force_all_finite' was renamed to 'ensure_all_finite' in 1.6 and will be removed in 1.8.
  warnings.warn(
/Users/arnavsharma/gum-elicitation/venv/lib/python3.13/site-packages/sklearn/utils/deprecation.py:132: FutureWarning: 'force_all_finite' was renamed to 'ensure_all_finite' in 1.6 and will be removed in 1.8.
  warnings.warn(
/Users/arnavsharma/gum-elicitation/venv/lib/python3.13/site-packages/sklearn/utils/deprecation.py:132: FutureWarning: 'force_all_finite' was renamed to 'ensure_all_finite' in 1.6 and will be removed in 1.8.
  warnings.warn(
/Users/arnavsharma/gum-elicitation/venv/lib/python3.13/site-packages/sklearn/utils/deprecation.py:132: FutureWarning: 'force_all_finite' was renamed to 'ensure_all_finite' in 1.6 and will be removed in 1.8.
  warnings.warn(
/Users/arnavsharma/gum-elicitation/venv/lib/python3.13/site-packages/sklearn/utils/deprecation.py:132: FutureWarning: 'force_all_finite' was renamed to 'ensure_all_finite' in 1.6 and will be removed in 1.8.
  warnings.warn(
/Users/arnavsharma/gum-elicitation/venv/lib/python3.13/site-packages/sklearn/utils/deprecation.py:132: FutureWarning: 'force_all_finite' was renamed to 'ensure_all_finite' in 1.6 and will be removed in 1.8.
  warnings.warn(
/Users/arnavsharma/gum-elicitation/venv/lib/python3.13/site-packages/sklearn/utils/deprecation.py:132: FutureWarning: 'force_all_finite' was renamed to 'ensure_all_finite' in 1.6 and will be removed in 1.8.
  warnings.warn(
/Users/arnavsharma/gum-elicitation/venv/lib/python3.13/site-packages/sklearn/utils/deprecation.py:132: FutureWarning: 'force_all_finite' was renamed to 'ensure_all_finite' in 1.6 and will be removed in 1.8.
  warnings.warn(
/Users/arnavsharma/gum-elicitation/venv/lib/python3.13/site-packages/sklearn/utils/deprecation.py:132: FutureWarning: 'force_all_finite' was renamed to 'ensure_all_finite' in 1.6 and will be removed in 1.8.
  warnings.warn(

  [Step 4/6] Calculating entropy...
    ✓ Entropy: 1.723 bits
      Ambiguous: True
      Interpretation: High - Significantly ambiguous, clarification needed
  [Step 5/6] Assessing urgency...
    ✓ Urgency: SOON
      Score: 0.461
      Reasoning: SOON: high ambiguity (entropy: 1.72 bits) (score: 0.46)
  [Step 6/6] Saving to database...
    ✓ Saved (Analysis ID: 236)

================================================================================
PROPOSITION 42/200 - ID: 994
================================================================================
Text: Arnav Sharma prioritizes online coding practice as part of his learning routine, particularly throug...
Confidence: 8/10

  [Step 1/6] Generating interpretations...
    ✓ Generated 4 interpretations (644 tokens)
  [Step 2/6] Collecting answers...
    ✓ Collected 20 answers (6448 tokens)
  [Step 3/6] Clustering...
    ✓ Found 5 clusters (method: hdbscan)
      Silhouette: 0.264
  [Step 4/6] Calculating entropy...
    ✓ Entropy: 2.257 bits
      Ambiguous: True
      Interpretation: Very High - Highly ambiguous, urgent clarification needed
  [Step 5/6] Assessing urgency...
    ✓ Urgency: SOON
      Score: 0.403
      Reasoning: SOON: high ambiguity (entropy: 2.26 bits) + high confidence (8/10) (score: 0.40)
  [Step 6/6] Saving to database...
    ✓ Saved (Analysis ID: 237)

================================================================================
PROPOSITION 43/200 - ID: 993
================================================================================
Text: Arnav Sharma is actively engaged in completing coding assignments from Google Classroom, specificall...
Confidence: 9/10

  [Step 1/6] Generating interpretations...
    ✓ Generated 4 interpretations (687 tokens)
  [Step 2/6] Collecting answers...
    ✓ Collected 20 answers (6957 tokens)
  [Step 3/6] Clustering...
    ✓ Found 6 clusters (method: hdbscan)
      Silhouette: 0.237
  [Step 4/6] Calculating entropy...
    ✓ Entropy: 2.522 bits
      Ambiguous: True
      Interpretation: Very High - Highly ambiguous, urgent clarification needed
  [Step 5/6] Assessing urgency...
    ✓ Urgency: LATER
      Score: 0.396
      Reasoning: LATER: high ambiguity (entropy: 2.52 bits) + high confidence (9/10) (score: 0.40)
  [Step 6/6] Saving to database...
    ✓ Saved (Analysis ID: 238)

================================================================================
PROPOSITION 44/200 - ID: 992
================================================================================
Text: Arnav Sharma is equipped with programming tools to support his coding projects, indicated by his use...
Confidence: 8/10

  [Step 1/6] Generating interpretations...
    ✓ Generated 4 interpretations (634 tokens)
  [Step 2/6] Collecting answers...
    ✓ Collected 20 answers (6336 tokens)
  [Step 3/6] Clustering...
    ✓ Found 7 clusters (method: hdbscan)
      Silhouette: 0.188
  [Step 4/6] Calculating entropy...
    ✓ Entropy: 2.778 bits
      Ambiguous: True
      Interpretation: Very High - Highly ambiguous, urgent clarification needed
  [Step 5/6] Assessing urgency...
    ✓ Urgency: SOON
      Score: 0.412
      Reasoning: SOON: high ambiguity (entropy: 2.78 bits) + high confidence (8/10) (score: 0.41)
  [Step 6/6] Saving to database...
    ✓ Saved (Analysis ID: 239)

================================================================================
PROPOSITION 45/200 - ID: 991
================================================================================
Text: Arnav Sharma may struggle with time management for his CodingBat assignments....
Confidence: 7/10

  [Step 1/6] Generating interpretations...
    ✓ Generated 4 interpretations (650 tokens)
  [Step 2/6] Collecting answers...
    ✓ Collected 20 answers (6221 tokens)
  [Step 3/6] Clustering...
    ✓ Found 5 clusters (method: hdbscan)
      Silhouette: 0.153
  [Step 4/6] Calculating entropy...
    ✓ Entropy: 2.227 bits
      Ambiguous: True
      Interpretation: Very High - Highly ambiguous, urgent clarification needed
  [Step 5/6] Assessing urgency...
    ✓ Urgency: SOON
      Score: 0.513
      Reasoning: SOON: high ambiguity (entropy: 2.23 bits) (score: 0.51)
  [Step 6/6] Saving to database...
    ✓ Saved (Analysis ID: 240)

================================================================================
PROPOSITION 46/200 - ID: 990
================================================================================
Text: Arnav Sharma is exploring social media for personal interests, particularly related to entertainment...
Confidence: 7/10

  [Step 1/6] Generating interpretations...
    ✓ Generated 4 interpretations (713 tokens)
  [Step 2/6] Collecting answers...
    ✓ Collected 20 answers (6638 tokens)
  [Step 3/6] Clustering...
    ✓ Found 2 clusters (method: hdbscan)
      Silhouette: 0.257
  [Step 4/6] Calculating entropy...
    ✓ Entropy: 0.610 bits
      Ambiguous: False
      Interpretation: Low - Minor ambiguity, likely clear
  [Step 5/6] Assessing urgency...
    ✓ Urgency: LATER
      Score: 0.334
      Reasoning: LATER: standard assessment based on thresholds (score: 0.33)
  [Step 6/6] Saving to database...
    ✓ Saved (Analysis ID: 241)

================================================================================
PROPOSITION 47/200 - ID: 989
================================================================================
Text: Arnav Sharma utilizes Google Classroom as a central platform for tracking academic assignments and c...
Confidence: 8/10

  [Step 1/6] Generating interpretations...
    ✓ Generated 3 interpretations (624 tokens)
  [Step 2/6] Collecting answers...
    ✓ Collected 15 answers (4963 tokens)
  [Step 3/6] Clustering...
    ✓ Found 3 clusters (method: hdbscan)
      Silhouette: 0.405
  [Step 4/6] Calculating entropy...
    ✓ Entropy: 1.485 bits
      Ambiguous: True
      Interpretation: High - Significantly ambiguous, clarification needed
  [Step 5/6] Assessing urgency...
    ✓ Urgency: LATER
      Score: 0.384
      Reasoning: LATER: moderate ambiguity (entropy: 1.49 bits) + high confidence (8/10) (score: 0.38)
  [Step 6/6] Saving to database...
    ✓ Saved (Analysis ID: 242)

================================================================================
PROPOSITION 48/200 - ID: 988
================================================================================
Text: Arnav Sharma is actively engaged in programming tasks, specifically solving coding challenges on Cod...
Confidence: 9/10

  [Step 1/6] Generating interpretations...
    ✓ Generated 4 interpretations (636 tokens)
  [Step 2/6] Collecting answers...
    ✓ Collected 20 answers (6446 tokens)
  [Step 3/6] Clustering...
    ✓ Found 6 clusters (method: hdbscan)
      Silhouette: 0.292
  [Step 4/6] Calculating entropy...
    ✓ Entropy: 2.492 bits
      Ambiguous: True
      Interpretation: Very High - Highly ambiguous, urgent clarification needed
  [Step 5/6] Assessing urgency...
    ✓ Urgency: LATER
      Score: 0.390
      Reasoning: LATER: high ambiguity (entropy: 2.49 bits) + high confidence (9/10) (score: 0.39)
  [Step 6/6] Saving to database...
    ✓ Saved (Analysis ID: 243)

================================================================================
PROPOSITION 49/200 - ID: 987
================================================================================
Text: Arnav Sharma may be working on a project related to batch processing and real-time application perfo...
Confidence: 7/10

  [Step 1/6] Generating interpretations...
    ✓ Generated 4 interpretations (643 tokens)
  [Step 2/6] Collecting answers...
    ✓ Collected 20 answers (6418 tokens)
  [Step 3/6] Clustering...
    ✓ Found 2 clusters (method: hdbscan)
      Silhouette: 0.432
  [Step 4/6] Calculating entropy...
    ✓ Entropy: 0.485 bits
      Ambiguous: False
      Interpretation: Low - Minor ambiguity, likely clear
  [Step 5/6] Assessing urgency...
    ✓ Urgency: LATER
      Score: 0.278
      Reasoning: LATER: standard assessment based on thresholds (score: 0.28)
  [Step 6/6] Saving to database...
    ✓ Saved (Analysis ID: 244)

================================================================================/Users/arnavsharma/gum-elicitation/venv/lib/python3.13/site-packages/sklearn/utils/deprecation.py:132: FutureWarning: 'force_all_finite' was renamed to 'ensure_all_finite' in 1.6 and will be removed in 1.8.
  warnings.warn(
/Users/arnavsharma/gum-elicitation/venv/lib/python3.13/site-packages/sklearn/utils/deprecation.py:132: FutureWarning: 'force_all_finite' was renamed to 'ensure_all_finite' in 1.6 and will be removed in 1.8.
  warnings.warn(
/Users/arnavsharma/gum-elicitation/venv/lib/python3.13/site-packages/sklearn/utils/deprecation.py:132: FutureWarning: 'force_all_finite' was renamed to 'ensure_all_finite' in 1.6 and will be removed in 1.8.
  warnings.warn(
/Users/arnavsharma/gum-elicitation/venv/lib/python3.13/site-packages/sklearn/utils/deprecation.py:132: FutureWarning: 'force_all_finite' was renamed to 'ensure_all_finite' in 1.6 and will be removed in 1.8.
  warnings.warn(
